#
# A fatal error has been detected by the Java Runtime Environment:
#
#  EXCEPTION_ACCESS_VIOLATION (0xc0000005) at pc=0x00007ff87435da9a, pid=19264, tid=1684
#
# JRE version: Java(TM) SE Runtime Environment (15.0.1+9) (build 15.0.1+9-18)
# Java VM: Java HotSpot(TM) 64-Bit Server VM (15.0.1+9-18, mixed mode, sharing, tiered, compressed oops, parallel gc, windows-amd64)
# Problematic frame:
# V  [jvm.dll+0x33da9a]
#
# No core dump will be written. Minidumps are not enabled by default on client versions of Windows
#
# If you would like to submit a bug report, please visit:
#   https://bugreport.java.com/bugreport/crash.jsp
#

---------------  S U M M A R Y ------------

Command Line: --add-modules=ALL-SYSTEM --add-opens=java.base/java.util=ALL-UNNAMED --add-opens=java.base/java.lang=ALL-UNNAMED -Declipse.application=org.eclipse.jdt.ls.core.id1 -Dosgi.bundles.defaultStartLevel=4 -Declipse.product=org.eclipse.jdt.ls.core.product -Dfile.encoding=utf8 -DwatchParentProcess=false -XX:+UseParallelGC -XX:GCTimeRatio=4 -XX:AdaptiveSizePolicyWeight=90 -Dsun.zip.disableMemoryMapping=true -Xmx1G -Xms100m c:\Users\adsan\.vscode\extensions\redhat.java-0.74.0\server\plugins\org.eclipse.equinox.launcher_1.6.0.v20200915-1508.jar -configuration c:\Users\adsan\AppData\Roaming\Code\User\globalStorage\redhat.java\0.74.0\config_win -data c:\Users\adsan\AppData\Roaming\Code\User\workspaceStorage\10020002b6f15b189c1f381b03ba0356\redhat.java\jdt_ws

Host: Intel(R) Core(TM) i5-10210U CPU @ 1.60GHz, 8 cores, 7G,  Windows 10 , 64 bit Build 19041 (10.0.19041.662)
Time: Tue Jan 26 20:25:53 2021 Eastern Standard Time elapsed time: 6483.782609 seconds (0d 1h 48m 3s)

---------------  T H R E A D  ---------------

Current thread (0x0000014bf4837230):  JavaThread "Framework stop - Equinox Container: db119ae0-9d45-44d2-9cf8-1c1a55282d60" [_thread_in_vm, id=1684, stack(0x0000003963c00000,0x0000003963d00000)]

Stack: [0x0000003963c00000,0x0000003963d00000],  sp=0x0000003963cfd810,  free space=1014k
Native frames: (J=compiled Java code, j=interpreted, Vv=VM code, C=native code)
V  [jvm.dll+0x33da9a]
V  [jvm.dll+0x33ee92]
V  [jvm.dll+0x520ee1]
V  [jvm.dll+0x523987]
V  [jvm.dll+0x522893]
V  [jvm.dll+0x34d760]
V  [jvm.dll+0x34cd9f]
C  0x0000014bd38bd698

Java frames: (J=compiled Java code, j=interpreted, Vv=VM code)
j  org.apache.felix.scr.impl.manager.AbstractComponentManager.clear()V+10
j  org.apache.felix.scr.impl.manager.SingleComponentManager.clear()V+11
j  org.apache.felix.scr.impl.manager.AbstractComponentManager.deactivateInternal(IZZ)V+166
j  org.apache.felix.scr.impl.manager.AbstractComponentManager.dispose(I)V+4
j  org.apache.felix.scr.impl.manager.ConfigurableComponentHolder.disposeComponents(I)V+58
j  org.apache.felix.scr.impl.BundleComponentActivator.dispose(I)V+77
j  org.apache.felix.scr.impl.Activator.disposeComponents(Lorg/osgi/framework/Bundle;)V+61
j  org.apache.felix.scr.impl.Activator.access$300(Lorg/apache/felix/scr/impl/Activator;Lorg/osgi/framework/Bundle;)V+2
j  org.apache.felix.scr.impl.Activator$ScrExtension.destroy()V+72
j  org.apache.felix.scr.impl.AbstractExtender$1.run()V+17
j  java.util.concurrent.Executors$RunnableAdapter.call()Ljava/lang/Object;+4 java.base@15.0.1
j  java.util.concurrent.FutureTask.run()V+39 java.base@15.0.1
j  org.apache.felix.scr.impl.AbstractExtender.destroyExtension(Lorg/osgi/framework/Bundle;)V+135
j  org.apache.felix.scr.impl.AbstractExtender.bundleChanged(Lorg/osgi/framework/BundleEvent;)V+50
j  org.apache.felix.scr.impl.Activator.bundleChanged(Lorg/osgi/framework/BundleEvent;)V+2
J 1557 c1 org.eclipse.osgi.internal.framework.BundleContextImpl.dispatchEvent(Ljava/lang/Object;Ljava/lang/Object;ILjava/lang/Object;)V (558 bytes) @ 0x0000014bd4115e54 [0x0000014bd4114c00+0x0000000000001254]
J 1652 c1 org.eclipse.osgi.framework.eventmgr.EventManager.dispatchEvent(Ljava/util/Set;Lorg/eclipse/osgi/framework/eventmgr/EventDispatcher;ILjava/lang/Object;)V (69 bytes) @ 0x0000014bd4141ebc [0x0000014bd41419a0+0x000000000000051c]
J 20173 c1 org.eclipse.osgi.framework.eventmgr.ListenerQueue.dispatchEventSynchronous(ILjava/lang/Object;)V (81 bytes) @ 0x0000014bd430624c [0x0000014bd4305a60+0x00000000000007ec]
j  org.eclipse.osgi.internal.framework.EquinoxEventPublisher.publishBundleEventPrivileged(Lorg/osgi/framework/BundleEvent;)V+547
j  org.eclipse.osgi.internal.framework.EquinoxEventPublisher.publishBundleEvent(Lorg/osgi/framework/BundleEvent;)V+8
j  org.eclipse.osgi.internal.framework.EquinoxEventPublisher.publishBundleEvent(ILorg/osgi/framework/Bundle;Lorg/osgi/framework/Bundle;)V+15
j  org.eclipse.osgi.internal.framework.EquinoxContainerAdaptor.publishModuleEvent(Lorg/eclipse/osgi/container/ModuleContainerAdaptor$ModuleEvent;Lorg/eclipse/osgi/container/Module;Lorg/eclipse/osgi/container/Module;)V+29
j  org.eclipse.osgi.container.Module.publishEvent(Lorg/eclipse/osgi/container/ModuleContainerAdaptor$ModuleEvent;)V+13
j  org.eclipse.osgi.container.Module.doStop()Lorg/eclipse/osgi/container/ModuleContainerAdaptor$ModuleEvent;+11
j  org.eclipse.osgi.container.Module.stop([Lorg/eclipse/osgi/container/Module$StopOptions;)V+70
j  org.eclipse.osgi.container.ModuleContainer$ContainerStartLevel.decStartLevel(ILjava/util/List;)V+123
j  org.eclipse.osgi.container.ModuleContainer$ContainerStartLevel.doContainerStartLevel(Lorg/eclipse/osgi/container/Module;I[Lorg/osgi/framework/FrameworkListener;)V+518
j  org.eclipse.osgi.container.SystemModule.stopWorker()V+23
j  org.eclipse.osgi.internal.framework.EquinoxBundle$SystemBundle$EquinoxSystemModule.stopWorker()V+1
j  org.eclipse.osgi.container.Module.doStop()Lorg/eclipse/osgi/container/ModuleContainerAdaptor$ModuleEvent;+15
j  org.eclipse.osgi.container.Module.stop([Lorg/eclipse/osgi/container/Module$StopOptions;)V+70
j  org.eclipse.osgi.container.SystemModule.stop([Lorg/eclipse/osgi/container/Module$StopOptions;)V+31
j  org.eclipse.osgi.internal.framework.EquinoxBundle$SystemBundle$EquinoxSystemModule$1.run()V+8
j  java.lang.Thread.run()V+11 java.base@15.0.1
v  ~StubRoutines::call_stub

siginfo: EXCEPTION_ACCESS_VIOLATION (0xc0000005), reading address 0x0000454be4f72378


Register to memory mapping:

RIP=0x00007ff87435da9a jvm.dll
RAX=0x0000454be4f71dc8 is an unknown value
RBX=0x0000014be4f74408 is pointing into metadata
RCX=0x00000000000000ad is an unknown value
RDX=0x0000000000000013 is an unknown value
RSP=0x0000003963cfd810 is pointing into the stack for thread: 0x0000014bf4837230
RBP=0x0000014be4f74408 is pointing into metadata
RSI=0x0000000000000001 is an unknown value
RDI=0x0 is NULL
R8 =0x0000000000000019 is an unknown value
R9 =0x0000014be7812930 points into unknown readable memory: 0x6e69000d14250002 | 02 00 25 14 0d 00 69 6e
R10=0x0000014be7821ee0 points into unknown readable memory: 0x6e75001526ee0005 | 05 00 ee 26 15 00 75 6e
R11=0x000000000000000d is an unknown value
R12=0x0000000800c0c180 is a pointer to class: 
org.apache.felix.scr.impl.BundleComponentActivator {0x0000000800c0c188}
R13=0x0000000800c0c180 is a pointer to class: 
org.apache.felix.scr.impl.BundleComponentActivator {0x0000000800c0c188}
R14=0x0000014be7821ee0 points into unknown readable memory: 0x6e75001526ee0005 | 05 00 ee 26 15 00 75 6e
R15=0x0000014be78392c0 points into unknown readable memory: 0x4c28003f74c80006 | 06 00 c8 74 3f 00 28 4c


Registers:
RAX=0x0000454be4f71dc8, RBX=0x0000014be4f74408, RCX=0x00000000000000ad, RDX=0x0000000000000013
RSP=0x0000003963cfd810, RBP=0x0000014be4f74408, RSI=0x0000000000000001, RDI=0x0000000000000000
R8 =0x0000000000000019, R9 =0x0000014be7812930, R10=0x0000014be7821ee0, R11=0x000000000000000d
R12=0x0000000800c0c180, R13=0x0000000800c0c180, R14=0x0000014be7821ee0, R15=0x0000014be78392c0
RIP=0x00007ff87435da9a, EFLAGS=0x0000000000010202

Top of Stack: (sp=0x0000003963cfd810)
0x0000003963cfd810:   0000014be78392c0 00007ff87435ee92
0x0000003963cfd820:   0000000800c0eca8 0000014be8318778
0x0000003963cfd830:   0000014bf4837230 0000014be8318778
0x0000003963cfd840:   0000000800c0bf88 0000003963cfdac0
0x0000003963cfd850:   0000000000000000 00007ff874540ee1
0x0000003963cfd860:   0000014be78392c0 0000000000000001
0x0000003963cfd870:   0000000800c0c180 0000014be7821ee0
0x0000003963cfd880:   0000014b00000001 0000003963cfd9a0
0x0000003963cfd890:   0000014bf4837230 00007ff874543987
0x0000003963cfd8a0:   0000000000000001 0000003963cfd9a0
0x0000003963cfd8b0:   0000003963cfdbf0 0000014bf4837230
0x0000003963cfd8c0:   0000014bf4837230 0000014bf4837230
0x0000003963cfd8d0:   0000014be4f73de8 0000014bf4837230
0x0000003963cfd8e0:   0000003963cfdc78 0000003963cfdc60
0x0000003963cfd8f0:   0000014b00000001 0000003963cfda10
0x0000003963cfd900:   0000014bf4837230 00007ff874543c06 

Instructions: (pc=0x00007ff87435da9a)
0x00007ff87435d99a:   00 00 48 8b fd 48 8b ad 78 01 00 00 41 ff c4 bb
0x00007ff87435d9aa:   00 02 00 00 48 85 ed 0f 85 4a fe ff ff 4c 8b ac
0x00007ff87435d9ba:   24 b8 00 00 00 48 8b 5c 24 30 48 83 3d e4 61 74
0x00007ff87435d9ca:   00 00 4c 8b 74 24 60 4c 8b 64 24 70 48 8b ac 24
0x00007ff87435d9da:   80 00 00 00 74 11 45 8b c7 48 8d 0d d6 74 55 00
0x00007ff87435d9ea:   8b d6 e8 5f 6d ff ff 48 83 3b 00 4c 8b 7c 24 58
0x00007ff87435d9fa:   48 8b 74 24 78 74 15 48 8b 54 24 38 49 8b cd e8
0x00007ff87435da0a:   b2 ae d5 ff 48 8b cb e8 1a ae d5 ff 48 8b 44 24
0x00007ff87435da1a:   40 49 89 5d 10 48 8b 9c 24 88 00 00 00 49 89 45
0x00007ff87435da2a:   18 48 8b 44 24 48 49 89 45 20 4c 8b 6c 24 68 48
0x00007ff87435da3a:   81 c4 90 00 00 00 5f c3 cc cc cc cc cc cc cc cc
0x00007ff87435da4a:   cc cc cc cc cc cc 40 53 80 3d a7 60 74 00 00 4c
0x00007ff87435da5a:   8b d2 48 8b d9 74 06 5b e9 69 d3 ff ff 44 8b 01
0x00007ff87435da6a:   45 33 db 41 83 e8 01 78 5a 0f 1f 40 00 66 0f 1f
0x00007ff87435da7a:   84 00 00 00 00 00 43 8d 14 18 d1 fa 48 63 c2 48
0x00007ff87435da8a:   8b 4c c3 08 48 8b 41 08 0f b7 48 2a 48 8b 40 08
0x00007ff87435da9a:   4c 8b 4c c8 48 4d 3b ca 73 07 b8 ff ff ff ff eb
0x00007ff87435daaa:   0a 33 c0 4d 3b ca 0f 95 c0 74 1f 85 c0 8d 4a ff
0x00007ff87435daba:   44 0f 49 c1 8d 4a 01 41 0f 49 cb 44 8b d9 41 3b
0x00007ff87435daca:   c8 7e b3 b8 ff ff ff ff 5b c3 8b c2 5b c3 cc cc
0x00007ff87435dada:   cc cc cc cc cc cc 4c 8b dc 53 57 48 81 ec e8 00
0x00007ff87435daea:   00 00 48 8b 05 25 23 6f 00 48 33 c4 48 89 84 24
0x00007ff87435dafa:   d0 00 00 00 49 89 73 20 33 ff 4d 89 73 e8 48 8b
0x00007ff87435db0a:   f2 4c 8b f1 48 85 c9 75 04 8b df eb 5e 48 89 ac
0x00007ff87435db1a:   24 10 01 00 00 48 8b aa 98 02 00 00 48 8b 5d 18
0x00007ff87435db2a:   48 83 fb f7 76 18 4c 8d 05 f9 94 50 00 ba 08 00
0x00007ff87435db3a:   00 00 48 8b cd e8 0c ae d5 ff 48 8b 5d 18 48 8d
0x00007ff87435db4a:   43 08 48 3b 45 20 76 14 45 33 c0 48 8b cd 41 8d
0x00007ff87435db5a:   50 08 e8 3f aa d5 ff 48 8b d8 eb 04 48 89 45 18
0x00007ff87435db6a:   48 8b ac 24 10 01 00 00 4c 89 33 48 8b 0d 94 7b
0x00007ff87435db7a:   78 00 48 8d 44 24 58 48 89 84 24 a8 00 00 00 48
0x00007ff87435db8a:   8d 84 24 99 00 00 00 48 89 84 24 b0 00 00 00 c7 


Stack slot to memory mapping:
stack at sp + 0 slots: 0x0000014be78392c0 points into unknown readable memory: 0x4c28003f74c80006 | 06 00 c8 74 3f 00 28 4c
stack at sp + 1 slots: 0x00007ff87435ee92 jvm.dll
stack at sp + 2 slots: 0x0000000800c0eca8 is a pointer to class: 
org.apache.felix.scr.impl.manager.AbstractComponentManager {0x0000000800c0ecb0}
stack at sp + 3 slots: {method} {0x0000014be8318780} 'clear' '()V' in 'org/apache/felix/scr/impl/manager/AbstractComponentManager'
stack at sp + 4 slots: 0x0000014bf4837230 is a thread
stack at sp + 5 slots: {method} {0x0000014be8318780} 'clear' '()V' in 'org/apache/felix/scr/impl/manager/AbstractComponentManager'
stack at sp + 6 slots: 0x0000000800c0bf88 is a pointer to class: 
org.apache.felix.scr.impl.manager.ComponentActivator {0x0000000800c0bf90}
stack at sp + 7 slots: 0x0000003963cfdac0 is pointing into the stack for thread: 0x0000014bf4837230


---------------  P R O C E S S  ---------------

Threads class SMR info:
_java_thread_list=0x0000014bf5123e70, length=27, elements={
0x0000014bcb667460, 0x0000014be5285bf0, 0x0000014be52869f0, 0x0000014be7093fa0,
0x0000014be7094860, 0x0000014be70968d0, 0x0000014be70991a0, 0x0000014be709aca0,
0x0000014be70a9400, 0x0000014be719fee0, 0x0000014be71fade0, 0x0000014be7730e60,
0x0000014be77fc4b0, 0x0000014be77ea090, 0x0000014be7828c60, 0x0000014be7ba8c20,
0x0000014be783f110, 0x0000014beb171020, 0x0000014be783c5c0, 0x0000014bf4832530,
0x0000014bf4835a20, 0x0000014bf4833870, 0x0000014bf4832ed0, 0x0000014bf4832a00,
0x0000014bf4837bd0, 0x0000014bf4837230, 0x0000014bf4833d40
}

Java Threads: ( => current thread )
  0x0000014bcb667460 JavaThread "main" [_thread_blocked, id=18692, stack(0x0000003961a00000,0x0000003961b00000)]
  0x0000014be5285bf0 JavaThread "Reference Handler" daemon [_thread_blocked, id=18728, stack(0x0000003961d00000,0x0000003961e00000)]
  0x0000014be52869f0 JavaThread "Finalizer" daemon [_thread_blocked, id=18028, stack(0x0000003961e00000,0x0000003961f00000)]
  0x0000014be7093fa0 JavaThread "Signal Dispatcher" daemon [_thread_blocked, id=18072, stack(0x0000003961f00000,0x0000003962000000)]
  0x0000014be7094860 JavaThread "Attach Listener" daemon [_thread_blocked, id=3628, stack(0x0000003962000000,0x0000003962100000)]
  0x0000014be70968d0 JavaThread "Service Thread" daemon [_thread_blocked, id=15452, stack(0x0000003962100000,0x0000003962200000)]
  0x0000014be70991a0 JavaThread "C2 CompilerThread0" daemon [_thread_blocked, id=18676, stack(0x0000003962200000,0x0000003962300000)]
  0x0000014be709aca0 JavaThread "C1 CompilerThread0" daemon [_thread_blocked, id=18668, stack(0x0000003962300000,0x0000003962400000)]
  0x0000014be70a9400 JavaThread "Sweeper thread" daemon [_thread_blocked, id=18680, stack(0x0000003962400000,0x0000003962500000)]
  0x0000014be719fee0 JavaThread "Common-Cleaner" daemon [_thread_blocked, id=18672, stack(0x0000003962500000,0x0000003962600000)]
  0x0000014be71fade0 JavaThread "Notification Thread" daemon [_thread_blocked, id=18684, stack(0x0000003962600000,0x0000003962700000)]
  0x0000014be7730e60 JavaThread "Active Thread: Equinox Container: db119ae0-9d45-44d2-9cf8-1c1a55282d60" [_thread_blocked, id=18904, stack(0x0000003962900000,0x0000003962a00000)]
  0x0000014be77fc4b0 JavaThread "Framework Event Dispatcher: Equinox Container: db119ae0-9d45-44d2-9cf8-1c1a55282d60" daemon [_thread_blocked, id=18748, stack(0x0000003962a00000,0x0000003962b00000)]
  0x0000014be77ea090 JavaThread "Start Level: Equinox Container: db119ae0-9d45-44d2-9cf8-1c1a55282d60" daemon [_thread_blocked, id=18916, stack(0x0000003962e00000,0x0000003962f00000)]
  0x0000014be7828c60 JavaThread "SCR Component Actor" daemon [_thread_blocked, id=18980, stack(0x0000003962f00000,0x0000003963000000)]
  0x0000014be7ba8c20 JavaThread "Worker-JM" [_thread_blocked, id=18864, stack(0x0000003963100000,0x0000003963200000)]
  0x0000014be783f110 JavaThread "pool-2-thread-1" [_thread_in_native, id=19100, stack(0x0000003963b00000,0x0000003963c00000)]
  0x0000014beb171020 JavaThread "ForkJoinPool.commonPool-worker-3" daemon [_thread_blocked, id=13540, stack(0x0000003963200000,0x0000003963300000)]
  0x0000014be783c5c0 JavaThread "ForkJoinPool.commonPool-worker-7" daemon [_thread_blocked, id=12116, stack(0x0000003961800000,0x0000003961900000)]
  0x0000014bf4832530 JavaThread "Worker-34" [_thread_blocked, id=16780, stack(0x0000003963000000,0x0000003963100000)]
  0x0000014bf4835a20 JavaThread "ForkJoinPool.commonPool-worker-9" daemon [_thread_blocked, id=3292, stack(0x0000003961900000,0x0000003961a00000)]
  0x0000014bf4833870 JavaThread "Worker-38" [_thread_blocked, id=18036, stack(0x0000003963800000,0x0000003963900000)]
  0x0000014bf4832ed0 JavaThread "ForkJoinPool.commonPool-worker-15" daemon [_thread_blocked, id=5980, stack(0x0000003961700000,0x0000003961800000)]
  0x0000014bf4832a00 JavaThread "ForkJoinPool.commonPool-worker-5" daemon [_thread_blocked, id=10748, stack(0x0000003963300000,0x0000003963400000)]
  0x0000014bf4837bd0 JavaThread "pool-4-thread-1" [_thread_blocked, id=19356, stack(0x0000003963a00000,0x0000003963b00000)]
=>0x0000014bf4837230 JavaThread "Framework stop - Equinox Container: db119ae0-9d45-44d2-9cf8-1c1a55282d60" [_thread_in_vm, id=1684, stack(0x0000003963c00000,0x0000003963d00000)]
  0x0000014bf4833d40 JavaThread "Timer-1" [_thread_blocked, id=1428, stack(0x0000003963700000,0x0000003963800000)]

Other Threads:
  0x0000014be5282d60 VMThread "VM Thread" [stack: 0x0000003961c00000,0x0000003961d00000] [id=18744]
  0x0000014be71fb2b0 WatcherThread [stack: 0x0000003962700000,0x0000003962800000] [id=18716]
  0x0000014bcb67e6d0 GCTaskThread "GC Thread#0" [stack: 0x0000003961b00000,0x0000003961c00000] [id=18580]
  0x0000014be71f63c0 GCTaskThread "GC Thread#1" [stack: 0x0000003962b00000,0x0000003962c00000] [id=13056]
  0x0000014be71f53d0 GCTaskThread "GC Thread#2" [stack: 0x0000003962c00000,0x0000003962d00000] [id=18656]
  0x0000014be71f2d90 GCTaskThread "GC Thread#3" [stack: 0x0000003962d00000,0x0000003962e00000] [id=18520]
  0x0000014be71f5700 GCTaskThread "GC Thread#4" [stack: 0x0000003962800000,0x0000003962900000] [id=18704]
  0x0000014be87d4050 GCTaskThread "GC Thread#5" [stack: 0x0000003963400000,0x0000003963500000] [id=18856]
  0x0000014be87d6030 GCTaskThread "GC Thread#6" [stack: 0x0000003963500000,0x0000003963600000] [id=18800]
  0x0000014be87d69c0 GCTaskThread "GC Thread#7" [stack: 0x0000003963600000,0x0000003963700000] [id=18736]

Threads with active compile tasks:

VM state: not at safepoint (normal execution)

VM Mutex/Monitor currently owned by a thread: None

Heap address: 0x00000000c0000000, size: 1024 MB, Compressed Oops mode: 32-bit
CDS archive(s) mapped at: [0x0000000800000000-0x0000000800b50000-0x0000000800b50000), size 11862016, SharedBaseAddress: 0x0000000800000000, ArchiveRelocationMode: 0.
Compressed class space mapped at: 0x0000000800b50000-0x0000000840b50000, size: 1073741824
Narrow klass base: 0x0000000800000000, Narrow klass shift: 3, Narrow klass range: 0x100000000

GC Precious Log:
 CPUs: 8 total, 8 available
 Memory: 7991M
 Large Page Support: Disabled
 NUMA Support: Disabled
 Compressed Oops: Enabled (32-bit)
 Heap Min Capacity: 100M
 Heap Initial Capacity: 100M
 Heap Max Capacity: 1G
 Pre-touch: Disabled
 Parallel Workers: 8

Heap:
 PSYoungGen      total 4096K, used 3108K [0x00000000eab00000, 0x00000000eb000000, 0x0000000100000000)
  eden space 3584K, 80% used [0x00000000eab00000,0x00000000eadd1158,0x00000000eae80000)
  from space 512K, 43% used [0x00000000eaf80000,0x00000000eafb8000,0x00000000eb000000)
  to   space 512K, 0% used [0x00000000eaf00000,0x00000000eaf00000,0x00000000eaf80000)
 ParOldGen       total 66560K, used 52140K [0x00000000c0000000, 0x00000000c4100000, 0x00000000eab00000)
  object space 66560K, 78% used [0x00000000c0000000,0x00000000c32eb238,0x00000000c4100000)
 Metaspace       used 69552K, capacity 72042K, committed 72084K, reserved 1114112K
  class space    used 6455K, capacity 7423K, committed 7424K, reserved 1048576K

Card table byte_map: [0x0000014bcb020000,0x0000014bcb230000] _byte_map_base: 0x0000014bcaa20000

Marking Bits: (ParMarkBitMap*) 0x00007ff874abc0f0
 Begin Bits: [0x0000014be28a0000, 0x0000014be38a0000)
 End Bits:   [0x0000014be38a0000, 0x0000014be48a0000)

Polling page: 0x0000014bc9600000

Metaspace:

Usage:
  Non-class:     63.10 MB capacity,    61.62 MB ( 98%) used,     1.40 MB (  2%) free+waste,    83.75 KB ( <1%) overhead. 
      Class:      7.25 MB capacity,     6.30 MB ( 87%) used,   935.38 KB ( 13%) free+waste,    31.69 KB ( <1%) overhead. 
       Both:     70.35 MB capacity,    67.92 MB ( 97%) used,     2.32 MB (  3%) free+waste,   115.44 KB ( <1%) overhead. 

Virtual space:
  Non-class space:       64.00 MB reserved,      63.14 MB ( 99%) committed 
      Class space:        1.00 GB reserved,       7.25 MB ( <1%) committed 
             Both:        1.06 GB reserved,      70.39 MB (  6%) committed 

Chunk freelists:
   Non-Class:  41.00 KB
       Class:  1.00 KB
        Both:  42.00 KB

MaxMetaspaceSize: 17179869184.00 GB
CompressedClassSpaceSize: 1.00 GB

CodeHeap 'non-profiled nmethods': size=120000Kb used=18626Kb max_used=18775Kb free=101374Kb
 bounds [0x0000014bdb370000, 0x0000014bdc5d0000, 0x0000014be28a0000]
CodeHeap 'profiled nmethods': size=120000Kb used=26637Kb max_used=27243Kb free=93362Kb
 bounds [0x0000014bd3e40000, 0x0000014bd5950000, 0x0000014bdb370000]
CodeHeap 'non-nmethods': size=5760Kb used=1385Kb max_used=1497Kb free=4374Kb
 bounds [0x0000014bd38a0000, 0x0000014bd3b10000, 0x0000014bd3e40000]
 total_blobs=14565 nmethods=13876 adapters=597
 compilation: enabled
              stopped_count=0, restarted_count=0
 full_count=0

Compilation events (20 events):
Event: 6483.253 Thread 0x0000014be709aca0 nmethod 20168 0x0000014bd4019e90 code [0x0000014bd401a2e0, 0x0000014bd401c068]
Event: 6483.253 Thread 0x0000014be709aca0 20170   !   3       com.sun.org.apache.xerces.internal.parsers.XML11Configuration::setFeature (143 bytes)
Event: 6483.254 Thread 0x0000014be709aca0 nmethod 20170 0x0000014bd3fcf290 code [0x0000014bd3fcf540, 0x0000014bd3fd05e8]
Event: 6483.254 Thread 0x0000014be709aca0 20171       3       com.sun.org.apache.xerces.internal.dom.NamedNodeMapImpl::item (38 bytes)
Event: 6483.255 Thread 0x0000014be709aca0 nmethod 20171 0x0000014bd45fd210 code [0x0000014bd45fd3e0, 0x0000014bd45fd838]
Event: 6483.255 Thread 0x0000014be709aca0 20169       3       com.sun.org.apache.xerces.internal.parsers.XIncludeAwareParserConfiguration::setFeature (27 bytes)
Event: 6483.255 Thread 0x0000014be709aca0 nmethod 20169 0x0000014bd4a68010 code [0x0000014bd4a681c0, 0x0000014bd4a683b8]
Event: 6483.258 Thread 0x0000014be709aca0 20172       3       org.eclipse.core.internal.registry.ConfigurationElementHandle::getConfigurationElement (18 bytes)
Event: 6483.258 Thread 0x0000014be709aca0 nmethod 20172 0x0000014bd506ac10 code [0x0000014bd506ade0, 0x0000014bd506b248]
Event: 6483.258 Thread 0x0000014be709aca0 20173   !   3       org.eclipse.osgi.framework.eventmgr.ListenerQueue::dispatchEventSynchronous (81 bytes)
Event: 6483.259 Thread 0x0000014be709aca0 nmethod 20173 0x0000014bd4305810 code [0x0000014bd4305a60, 0x0000014bd4306588]
Event: 6483.301 Thread 0x0000014be70991a0 nmethod 20151 0x0000014bdc49b090 code [0x0000014bdc49b3a0, 0x0000014bdc49e688]
Event: 6483.301 Thread 0x0000014be70991a0 20154       4       java.lang.StringCoding::decodeUTF8 (45 bytes)
Event: 6483.305 Thread 0x0000014be70991a0 nmethod 20154 0x0000014bdb939110 code [0x0000014bdb9392c0, 0x0000014bdb939978]
Event: 6483.305 Thread 0x0000014be70991a0 20152       4       java.util.jar.Attributes::<init> (17 bytes)
Event: 6483.306 Thread 0x0000014be70991a0 nmethod 20152 0x0000014bdc103810 code [0x0000014bdc1039a0, 0x0000014bdc103b18]
Event: 6483.306 Thread 0x0000014be70991a0 20153       4       java.util.jar.Manifest::parseName (84 bytes)
Event: 6483.308 Thread 0x0000014be70991a0 nmethod 20153 0x0000014bdc102f90 code [0x0000014bdc103140, 0x0000014bdc103468]
Event: 6483.775 Thread 0x0000014be709aca0 20174   !   3       org.eclipse.osgi.internal.log.ExtendedLogReaderServiceFactory::isLoggablePrivileged (147 bytes)
Event: 6483.775 Thread 0x0000014be709aca0 nmethod 20174 0x0000014bd4d77a10 code [0x0000014bd4d77cc0, 0x0000014bd4d78808]

GC Heap History (20 events):
Event: 6317.001 GC heap before
{Heap before GC invocations=12520 (full 410):
 PSYoungGen      total 2560K, used 2560K [0x00000000eab00000, 0x00000000eb500000, 0x0000000100000000)
  eden space 512K, 100% used [0x00000000eab00000,0x00000000eab80000,0x00000000eab80000)
  from space 2048K, 100% used [0x00000000eaf00000,0x00000000eb100000,0x00000000eb100000)
  to   space 3584K, 0% used [0x00000000eab80000,0x00000000eab80000,0x00000000eaf00000)
 ParOldGen       total 62976K, used 60510K [0x00000000c0000000, 0x00000000c3d80000, 0x00000000eab00000)
  object space 62976K, 96% used [0x00000000c0000000,0x00000000c3b178c8,0x00000000c3d80000)
 Metaspace       used 69208K, capacity 71619K, committed 71828K, reserved 1114112K
  class space    used 6409K, capacity 7350K, committed 7424K, reserved 1048576K
}
Event: 6317.003 GC heap after
{Heap after GC invocations=12520 (full 410):
 PSYoungGen      total 1536K, used 544K [0x00000000eab00000, 0x00000000eb000000, 0x0000000100000000)
  eden space 512K, 0% used [0x00000000eab00000,0x00000000eab00000,0x00000000eab80000)
  from space 1024K, 53% used [0x00000000eab80000,0x00000000eac08000,0x00000000eac80000)
  to   space 2048K, 0% used [0x00000000eae00000,0x00000000eae00000,0x00000000eb000000)
 ParOldGen       total 62976K, used 62566K [0x00000000c0000000, 0x00000000c3d80000, 0x00000000eab00000)
  object space 62976K, 99% used [0x00000000c0000000,0x00000000c3d198c8,0x00000000c3d80000)
 Metaspace       used 69208K, capacity 71619K, committed 71828K, reserved 1114112K
  class space    used 6409K, capacity 7350K, committed 7424K, reserved 1048576K
}
Event: 6317.003 GC heap before
{Heap before GC invocations=12521 (full 411):
 PSYoungGen      total 1536K, used 544K [0x00000000eab00000, 0x00000000eb000000, 0x0000000100000000)
  eden space 512K, 0% used [0x00000000eab00000,0x00000000eab00000,0x00000000eab80000)
  from space 1024K, 53% used [0x00000000eab80000,0x00000000eac08000,0x00000000eac80000)
  to   space 2048K, 0% used [0x00000000eae00000,0x00000000eae00000,0x00000000eb000000)
 ParOldGen       total 62976K, used 62566K [0x00000000c0000000, 0x00000000c3d80000, 0x00000000eab00000)
  object space 62976K, 99% used [0x00000000c0000000,0x00000000c3d198c8,0x00000000c3d80000)
 Metaspace       used 69208K, capacity 71619K, committed 71828K, reserved 1114112K
  class space    used 6409K, capacity 7350K, committed 7424K, reserved 1048576K
}
Event: 6317.056 GC heap after
{Heap after GC invocations=12521 (full 411):
 PSYoungGen      total 3072K, used 0K [0x00000000eab00000, 0x00000000eb000000, 0x0000000100000000)
  eden space 1024K, 0% used [0x00000000eab00000,0x00000000eab00000,0x00000000eac00000)
  from space 2048K, 0% used [0x00000000eae00000,0x00000000eae00000,0x00000000eb000000)
  to   space 2048K, 0% used [0x00000000eac00000,0x00000000eac00000,0x00000000eae00000)
 ParOldGen       total 66560K, used 47238K [0x00000000c0000000, 0x00000000c4100000, 0x00000000eab00000)
  object space 66560K, 70% used [0x00000000c0000000,0x00000000c2e21b80,0x00000000c4100000)
 Metaspace       used 69208K, capacity 71619K, committed 71828K, reserved 1114112K
  class space    used 6409K, capacity 7350K, committed 7424K, reserved 1048576K
}
Event: 6317.060 GC heap before
{Heap before GC invocations=12522 (full 411):
 PSYoungGen      total 3072K, used 1024K [0x00000000eab00000, 0x00000000eb000000, 0x0000000100000000)
  eden space 1024K, 100% used [0x00000000eab00000,0x00000000eac00000,0x00000000eac00000)
  from space 2048K, 0% used [0x00000000eae00000,0x00000000eae00000,0x00000000eb000000)
  to   space 2048K, 0% used [0x00000000eac00000,0x00000000eac00000,0x00000000eae00000)
 ParOldGen       total 66560K, used 47238K [0x00000000c0000000, 0x00000000c4100000, 0x00000000eab00000)
  object space 66560K, 70% used [0x00000000c0000000,0x00000000c2e21b80,0x00000000c4100000)
 Metaspace       used 69208K, capacity 71619K, committed 71828K, reserved 1114112K
  class space    used 6409K, capacity 7350K, committed 7424K, reserved 1048576K
}
Event: 6317.061 GC heap after
{Heap after GC invocations=12522 (full 411):
 PSYoungGen      total 3072K, used 1088K [0x00000000eab00000, 0x00000000eaf80000, 0x0000000100000000)
  eden space 1024K, 0% used [0x00000000eab00000,0x00000000eab00000,0x00000000eac00000)
  from space 2048K, 53% used [0x00000000eac00000,0x00000000ead10000,0x00000000eae00000)
  to   space 1536K, 0% used [0x00000000eae00000,0x00000000eae00000,0x00000000eaf80000)
 ParOldGen       total 66560K, used 47238K [0x00000000c0000000, 0x00000000c4100000, 0x00000000eab00000)
  object space 66560K, 70% used [0x00000000c0000000,0x00000000c2e21b80,0x00000000c4100000)
 Metaspace       used 69208K, capacity 71619K, committed 71828K, reserved 1114112K
  class space    used 6409K, capacity 7350K, committed 7424K, reserved 1048576K
}
Event: 6317.065 GC heap before
{Heap before GC invocations=12523 (full 411):
 PSYoungGen      total 3072K, used 2112K [0x00000000eab00000, 0x00000000eaf80000, 0x0000000100000000)
  eden space 1024K, 100% used [0x00000000eab00000,0x00000000eac00000,0x00000000eac00000)
  from space 2048K, 53% used [0x00000000eac00000,0x00000000ead10000,0x00000000eae00000)
  to   space 1536K, 0% used [0x00000000eae00000,0x00000000eae00000,0x00000000eaf80000)
 ParOldGen       total 66560K, used 47238K [0x00000000c0000000, 0x00000000c4100000, 0x00000000eab00000)
  object space 66560K, 70% used [0x00000000c0000000,0x00000000c2e21b80,0x00000000c4100000)
 Metaspace       used 69208K, capacity 71619K, committed 71828K, reserved 1114112K
  class space    used 6409K, capacity 7350K, committed 7424K, reserved 1048576K
}
Event: 6317.067 GC heap after
{Heap after GC invocations=12523 (full 411):
 PSYoungGen      total 3072K, used 1056K [0x00000000eab00000, 0x00000000eaf80000, 0x0000000100000000)
  eden space 1536K, 0% used [0x00000000eab00000,0x00000000eab00000,0x00000000eac80000)
  from space 1536K, 68% used [0x00000000eae00000,0x00000000eaf08000,0x00000000eaf80000)
  to   space 1536K, 0% used [0x00000000eac80000,0x00000000eac80000,0x00000000eae00000)
 ParOldGen       total 66560K, used 48270K [0x00000000c0000000, 0x00000000c4100000, 0x00000000eab00000)
  object space 66560K, 72% used [0x00000000c0000000,0x00000000c2f23b80,0x00000000c4100000)
 Metaspace       used 69208K, capacity 71619K, committed 71828K, reserved 1114112K
  class space    used 6409K, capacity 7350K, committed 7424K, reserved 1048576K
}
Event: 6317.072 GC heap before
{Heap before GC invocations=12524 (full 411):
 PSYoungGen      total 3072K, used 2592K [0x00000000eab00000, 0x00000000eaf80000, 0x0000000100000000)
  eden space 1536K, 100% used [0x00000000eab00000,0x00000000eac80000,0x00000000eac80000)
  from space 1536K, 68% used [0x00000000eae00000,0x00000000eaf08000,0x00000000eaf80000)
  to   space 1536K, 0% used [0x00000000eac80000,0x00000000eac80000,0x00000000eae00000)
 ParOldGen       total 66560K, used 48270K [0x00000000c0000000, 0x00000000c4100000, 0x00000000eab00000)
  object space 66560K, 72% used [0x00000000c0000000,0x00000000c2f23b80,0x00000000c4100000)
 Metaspace       used 69208K, capacity 71619K, committed 71828K, reserved 1114112K
  class space    used 6409K, capacity 7350K, committed 7424K, reserved 1048576K
}
Event: 6317.074 GC heap after
{Heap after GC invocations=12524 (full 411):
 PSYoungGen      total 3072K, used 1536K [0x00000000eab00000, 0x00000000eb300000, 0x0000000100000000)
  eden space 1536K, 0% used [0x00000000eab00000,0x00000000eab00000,0x00000000eac80000)
  from space 1536K, 100% used [0x00000000eac80000,0x00000000eae00000,0x00000000eae00000)
  to   space 3072K, 0% used [0x00000000eb000000,0x00000000eb000000,0x00000000eb300000)
 ParOldGen       total 66560K, used 49342K [0x00000000c0000000, 0x00000000c4100000, 0x00000000eab00000)
  object space 66560K, 74% used [0x00000000c0000000,0x00000000c302fb80,0x00000000c4100000)
 Metaspace       used 69208K, capacity 71619K, committed 71828K, reserved 1114112K
  class space    used 6409K, capacity 7350K, committed 7424K, reserved 1048576K
}
Event: 6317.077 GC heap before
{Heap before GC invocations=12525 (full 411):
 PSYoungGen      total 3072K, used 3072K [0x00000000eab00000, 0x00000000eb300000, 0x0000000100000000)
  eden space 1536K, 100% used [0x00000000eab00000,0x00000000eac80000,0x00000000eac80000)
  from space 1536K, 100% used [0x00000000eac80000,0x00000000eae00000,0x00000000eae00000)
  to   space 3072K, 0% used [0x00000000eb000000,0x00000000eb000000,0x00000000eb300000)
 ParOldGen       total 66560K, used 49342K [0x00000000c0000000, 0x00000000c4100000, 0x00000000eab00000)
  object space 66560K, 74% used [0x00000000c0000000,0x00000000c302fb80,0x00000000c4100000)
 Metaspace       used 69208K, capacity 71619K, committed 71828K, reserved 1114112K
  class space    used 6409K, capacity 7350K, committed 7424K, reserved 1048576K
}
Event: 6317.079 GC heap after
{Heap after GC invocations=12525 (full 411):
 PSYoungGen      total 3072K, used 896K [0x00000000eab00000, 0x00000000eb100000, 0x0000000100000000)
  eden space 2048K, 0% used [0x00000000eab00000,0x00000000eab00000,0x00000000ead00000)
  from space 1024K, 87% used [0x00000000eb000000,0x00000000eb0e0000,0x00000000eb100000)
  to   space 1536K, 0% used [0x00000000eae00000,0x00000000eae00000,0x00000000eaf80000)
 ParOldGen       total 66560K, used 50854K [0x00000000c0000000, 0x00000000c4100000, 0x00000000eab00000)
  object space 66560K, 76% used [0x00000000c0000000,0x00000000c31a9b80,0x00000000c4100000)
 Metaspace       used 69208K, capacity 71619K, committed 71828K, reserved 1114112K
  class space    used 6409K, capacity 7350K, committed 7424K, reserved 1048576K
}
Event: 6317.085 GC heap before
{Heap before GC invocations=12526 (full 411):
 PSYoungGen      total 3072K, used 2944K [0x00000000eab00000, 0x00000000eb100000, 0x0000000100000000)
  eden space 2048K, 100% used [0x00000000eab00000,0x00000000ead00000,0x00000000ead00000)
  from space 1024K, 87% used [0x00000000eb000000,0x00000000eb0e0000,0x00000000eb100000)
  to   space 1536K, 0% used [0x00000000eae00000,0x00000000eae00000,0x00000000eaf80000)
 ParOldGen       total 66560K, used 50854K [0x00000000c0000000, 0x00000000c4100000, 0x00000000eab00000)
  object space 66560K, 76% used [0x00000000c0000000,0x00000000c31a9b80,0x00000000c4100000)
 Metaspace       used 69208K, capacity 71619K, committed 71828K, reserved 1114112K
  class space    used 6409K, capacity 7350K, committed 7424K, reserved 1048576K
}
Event: 6317.086 GC heap after
{Heap after GC invocations=12526 (full 411):
 PSYoungGen      total 4096K, used 576K [0x00000000eab00000, 0x00000000eb080000, 0x0000000100000000)
  eden space 2560K, 0% used [0x00000000eab00000,0x00000000eab00000,0x00000000ead80000)
  from space 1536K, 37% used [0x00000000eae00000,0x00000000eae90000,0x00000000eaf80000)
  to   space 1024K, 0% used [0x00000000eaf80000,0x00000000eaf80000,0x00000000eb080000)
 ParOldGen       total 66560K, used 51596K [0x00000000c0000000, 0x00000000c4100000, 0x00000000eab00000)
  object space 66560K, 77% used [0x00000000c0000000,0x00000000c3263238,0x00000000c4100000)
 Metaspace       used 69208K, capacity 71619K, committed 71828K, reserved 1114112K
  class space    used 6409K, capacity 7350K, committed 7424K, reserved 1048576K
}
Event: 6317.092 GC heap before
{Heap before GC invocations=12527 (full 411):
 PSYoungGen      total 4096K, used 3136K [0x00000000eab00000, 0x00000000eb080000, 0x0000000100000000)
  eden space 2560K, 100% used [0x00000000eab00000,0x00000000ead80000,0x00000000ead80000)
  from space 1536K, 37% used [0x00000000eae00000,0x00000000eae90000,0x00000000eaf80000)
  to   space 1024K, 0% used [0x00000000eaf80000,0x00000000eaf80000,0x00000000eb080000)
 ParOldGen       total 66560K, used 51596K [0x00000000c0000000, 0x00000000c4100000, 0x00000000eab00000)
  object space 66560K, 77% used [0x00000000c0000000,0x00000000c3263238,0x00000000c4100000)
 Metaspace       used 69208K, capacity 71619K, committed 71828K, reserved 1114112K
  class space    used 6409K, capacity 7350K, committed 7424K, reserved 1048576K
}
Event: 6317.093 GC heap after
{Heap after GC invocations=12527 (full 411):
 PSYoungGen      total 4096K, used 576K [0x00000000eab00000, 0x00000000eb080000, 0x0000000100000000)
  eden space 3072K, 0% used [0x00000000eab00000,0x00000000eab00000,0x00000000eae00000)
  from space 1024K, 56% used [0x00000000eaf80000,0x00000000eb010000,0x00000000eb080000)
  to   space 1024K, 0% used [0x00000000eae80000,0x00000000eae80000,0x00000000eaf80000)
 ParOldGen       total 66560K, used 52084K [0x00000000c0000000, 0x00000000c4100000, 0x00000000eab00000)
  object space 66560K, 78% used [0x00000000c0000000,0x00000000c32dd238,0x00000000c4100000)
 Metaspace       used 69208K, capacity 71619K, committed 71828K, reserved 1114112K
  class space    used 6409K, capacity 7350K, committed 7424K, reserved 1048576K
}
Event: 6317.099 GC heap before
{Heap before GC invocations=12528 (full 411):
 PSYoungGen      total 4096K, used 3647K [0x00000000eab00000, 0x00000000eb080000, 0x0000000100000000)
  eden space 3072K, 99% used [0x00000000eab00000,0x00000000eadfffe8,0x00000000eae00000)
  from space 1024K, 56% used [0x00000000eaf80000,0x00000000eb010000,0x00000000eb080000)
  to   space 1024K, 0% used [0x00000000eae80000,0x00000000eae80000,0x00000000eaf80000)
 ParOldGen       total 66560K, used 52084K [0x00000000c0000000, 0x00000000c4100000, 0x00000000eab00000)
  object space 66560K, 78% used [0x00000000c0000000,0x00000000c32dd238,0x00000000c4100000)
 Metaspace       used 69208K, capacity 71619K, committed 71828K, reserved 1114112K
  class space    used 6409K, capacity 7350K, committed 7424K, reserved 1048576K
}
Event: 6317.099 GC heap after
{Heap after GC invocations=12528 (full 411):
 PSYoungGen      total 4608K, used 256K [0x00000000eab00000, 0x00000000eb000000, 0x0000000100000000)
  eden space 3584K, 0% used [0x00000000eab00000,0x00000000eab00000,0x00000000eae80000)
  from space 1024K, 25% used [0x00000000eae80000,0x00000000eaec0000,0x00000000eaf80000)
  to   space 512K, 0% used [0x00000000eaf80000,0x00000000eaf80000,0x00000000eb000000)
 ParOldGen       total 66560K, used 52116K [0x00000000c0000000, 0x00000000c4100000, 0x00000000eab00000)
  object space 66560K, 78% used [0x00000000c0000000,0x00000000c32e5238,0x00000000c4100000)
 Metaspace       used 69208K, capacity 71619K, committed 71828K, reserved 1114112K
  class space    used 6409K, capacity 7350K, committed 7424K, reserved 1048576K
}
Event: 6483.092 GC heap before
{Heap before GC invocations=12529 (full 411):
 PSYoungGen      total 4608K, used 3840K [0x00000000eab00000, 0x00000000eb000000, 0x0000000100000000)
  eden space 3584K, 100% used [0x00000000eab00000,0x00000000eae80000,0x00000000eae80000)
  from space 1024K, 25% used [0x00000000eae80000,0x00000000eaec0000,0x00000000eaf80000)
  to   space 512K, 0% used [0x00000000eaf80000,0x00000000eaf80000,0x00000000eb000000)
 ParOldGen       total 66560K, used 52116K [0x00000000c0000000, 0x00000000c4100000, 0x00000000eab00000)
  object space 66560K, 78% used [0x00000000c0000000,0x00000000c32e5238,0x00000000c4100000)
 Metaspace       used 69242K, capacity 71651K, committed 71828K, reserved 1114112K
  class space    used 6417K, capacity 7382K, committed 7424K, reserved 1048576K
}
Event: 6483.093 GC heap after
{Heap after GC invocations=12529 (full 411):
 PSYoungGen      total 4096K, used 224K [0x00000000eab00000, 0x00000000eb000000, 0x0000000100000000)
  eden space 3584K, 0% used [0x00000000eab00000,0x00000000eab00000,0x00000000eae80000)
  from space 512K, 43% used [0x00000000eaf80000,0x00000000eafb8000,0x00000000eb000000)
  to   space 512K, 0% used [0x00000000eaf00000,0x00000000eaf00000,0x00000000eaf80000)
 ParOldGen       total 66560K, used 52140K [0x00000000c0000000, 0x00000000c4100000, 0x00000000eab00000)
  object space 66560K, 78% used [0x00000000c0000000,0x00000000c32eb238,0x00000000c4100000)
 Metaspace       used 69242K, capacity 71651K, committed 71828K, reserved 1114112K
  class space    used 6417K, capacity 7382K, committed 7424K, reserved 1048576K
}

Deoptimization events (20 events):
Event: 6483.210 Thread 0x0000014bcb667460 Uncommon trap: trap_request=0xffffff45 fr.pc=0x0000014bdbc26688 relative=0x00000000000002e8
Event: 6483.210 Thread 0x0000014bcb667460 Uncommon trap: reason=unstable_if action=reinterpret pc=0x0000014bdbc26688 method=org.eclipse.core.internal.runtime.PlatformLogWriter.isLoggable(Lorg/osgi/framework/Bundle;Ljava/lang/String;I)Z @ 6 c2
Event: 6483.210 Thread 0x0000014bcb667460 DEOPT PACKING pc=0x0000014bdbc26688 sp=0x0000003961afde00
Event: 6483.210 Thread 0x0000014bcb667460 DEOPT UNPACKING pc=0x0000014bd38ee42f sp=0x0000003961afdda0 mode 2
Event: 6483.210 Thread 0x0000014bcb667460 Uncommon trap: trap_request=0xffffff45 fr.pc=0x0000014bdbf6f920 relative=0x0000000000000200
Event: 6483.210 Thread 0x0000014bcb667460 Uncommon trap: reason=unstable_if action=reinterpret pc=0x0000014bdbf6f920 method=org.eclipse.core.internal.runtime.Log.isLoggable(Lorg/osgi/framework/Bundle;Ljava/lang/String;I)Z @ 6 c2
Event: 6483.210 Thread 0x0000014bcb667460 DEOPT PACKING pc=0x0000014bdbf6f920 sp=0x0000003961afde10
Event: 6483.210 Thread 0x0000014bcb667460 DEOPT UNPACKING pc=0x0000014bd38ee42f sp=0x0000003961afdda0 mode 2
Event: 6483.217 Thread 0x0000014bcb667460 DEOPT PACKING pc=0x0000014bd4360aef sp=0x0000003961afd520
Event: 6483.217 Thread 0x0000014bcb667460 DEOPT UNPACKING pc=0x0000014bd38ee23f sp=0x0000003961afcae8 mode 0
Event: 6483.218 Thread 0x0000014bcb667460 DEOPT PACKING pc=0x0000014bd4360aef sp=0x0000003961afd520
Event: 6483.218 Thread 0x0000014bcb667460 DEOPT UNPACKING pc=0x0000014bd38ee23f sp=0x0000003961afcae8 mode 0
Event: 6483.222 Thread 0x0000014bf4837230 Uncommon trap: trap_request=0xffffff45 fr.pc=0x0000014bdc399e68 relative=0x00000000000000c8
Event: 6483.222 Thread 0x0000014bf4837230 Uncommon trap: reason=unstable_if action=reinterpret pc=0x0000014bdc399e68 method=java.util.Arrays.sort([Ljava/lang/Object;IILjava/util/Comparator;)V @ 1 c2
Event: 6483.222 Thread 0x0000014bf4837230 DEOPT PACKING pc=0x0000014bdc399e68 sp=0x0000003963cfea60
Event: 6483.222 Thread 0x0000014bf4837230 DEOPT UNPACKING pc=0x0000014bd38ee42f sp=0x0000003963cfe9a0 mode 2
Event: 6483.257 Thread 0x0000014bf4837230 Uncommon trap: trap_request=0xffffff45 fr.pc=0x0000014bdc3a3eb4 relative=0x00000000000010d4
Event: 6483.257 Thread 0x0000014bf4837230 Uncommon trap: reason=unstable_if action=reinterpret pc=0x0000014bdc3a3eb4 method=org.eclipse.core.internal.preferences.PreferencesService$5.run()V @ 97 c2
Event: 6483.257 Thread 0x0000014bf4837230 DEOPT PACKING pc=0x0000014bdc3a3eb4 sp=0x0000003963cfe010
Event: 6483.257 Thread 0x0000014bf4837230 DEOPT UNPACKING pc=0x0000014bd38ee42f sp=0x0000003963cfe000 mode 2

Classes unloaded (20 events):
Event: 1362.103 Thread 0x0000014be5282d60 Unloading class 0x0000000800bb5040 'jdk/internal/reflect/GeneratedMethodAccessor1'
Event: 1362.103 Thread 0x0000014be5282d60 Unloading class 0x0000000800bb7440 'java/lang/invoke/LambdaForm$DMH+0x0000000800bb7440'
Event: 1362.103 Thread 0x0000014be5282d60 Unloading class 0x0000000800bb7c40 'java/lang/invoke/LambdaForm$DMH+0x0000000800bb7c40'
Event: 1362.103 Thread 0x0000014be5282d60 Unloading class 0x0000000800bb2440 'jdk/internal/reflect/GeneratedConstructorAccessor1'
Event: 1455.721 Thread 0x0000014be5282d60 Unloading class 0x0000000800d52040 'java/lang/invoke/LambdaForm$MH+0x0000000800d52040'
Event: 1455.721 Thread 0x0000014be5282d60 Unloading class 0x0000000800d56c40 'java/lang/invoke/LambdaForm$MH+0x0000000800d56c40'
Event: 1455.721 Thread 0x0000014be5282d60 Unloading class 0x0000000800d56840 'java/lang/invoke/LambdaForm$MH+0x0000000800d56840'
Event: 1455.721 Thread 0x0000014be5282d60 Unloading class 0x0000000800d57440 'java/lang/invoke/LambdaForm$MH+0x0000000800d57440'
Event: 1455.721 Thread 0x0000014be5282d60 Unloading class 0x0000000800d57040 'java/lang/invoke/LambdaForm$MH+0x0000000800d57040'
Event: 1455.721 Thread 0x0000014be5282d60 Unloading class 0x0000000800d57c40 'java/lang/invoke/LambdaForm$MH+0x0000000800d57c40'
Event: 1455.721 Thread 0x0000014be5282d60 Unloading class 0x0000000800d57840 'java/lang/invoke/LambdaForm$MH+0x0000000800d57840'
Event: 4091.814 Thread 0x0000014be5282d60 Unloading class 0x0000000800be0840 'jdk/internal/reflect/GeneratedSerializationConstructorAccessor7'
Event: 4091.814 Thread 0x0000014be5282d60 Unloading class 0x0000000800be6c40 'jdk/internal/reflect/GeneratedSerializationConstructorAccessor6'
Event: 4091.814 Thread 0x0000014be5282d60 Unloading class 0x0000000800c18440 'jdk/internal/reflect/GeneratedSerializationConstructorAccessor5'
Event: 4091.814 Thread 0x0000014be5282d60 Unloading class 0x0000000800c1fc40 'jdk/internal/reflect/GeneratedSerializationConstructorAccessor4'
Event: 5390.873 Thread 0x0000014be5282d60 Unloading class 0x0000000800c1e440 'jdk/internal/reflect/GeneratedSerializationConstructorAccessor11'
Event: 5390.873 Thread 0x0000014be5282d60 Unloading class 0x0000000800c1fc40 'jdk/internal/reflect/GeneratedSerializationConstructorAccessor10'
Event: 5390.873 Thread 0x0000014be5282d60 Unloading class 0x0000000800c18440 'jdk/internal/reflect/GeneratedSerializationConstructorAccessor9'
Event: 5390.873 Thread 0x0000014be5282d60 Unloading class 0x0000000800be6c40 'jdk/internal/reflect/GeneratedSerializationConstructorAccessor8'
Event: 6244.187 Thread 0x0000014be5282d60 Unloading class 0x000000080116c440 'jdk/internal/reflect/GeneratedConstructorAccessor30'

Classes redefined (0 events):
No events

Internal exceptions (20 events):
Event: 6238.477 Thread 0x0000014be783c5c0 Exception <a 'java/lang/ArrayIndexOutOfBoundsException'{0x00000000eabf1128}> (0x00000000eabf1128) 
thrown [./open/src/hotspot/share/runtime/sharedRuntime.cpp, line 585]
Event: 6238.477 Thread 0x0000014be783c5c0 Exception <a 'java/lang/ArrayIndexOutOfBoundsException'{0x00000000eabf1448}> (0x00000000eabf1448) 
thrown [./open/src/hotspot/share/runtime/sharedRuntime.cpp, line 585]
Event: 6239.423 Thread 0x0000014bf4838570 Exception <a 'java/lang/ArrayIndexOutOfBoundsException'{0x00000000eab91e08}> (0x00000000eab91e08) 
thrown [./open/src/hotspot/share/runtime/sharedRuntime.cpp, line 585]
Event: 6239.423 Thread 0x0000014bf4838570 Exception <a 'java/lang/ArrayIndexOutOfBoundsException'{0x00000000eab92128}> (0x00000000eab92128) 
thrown [./open/src/hotspot/share/runtime/sharedRuntime.cpp, line 585]
Event: 6239.424 Thread 0x0000014bf4838570 Exception <a 'java/lang/ArrayIndexOutOfBoundsException'{0x00000000eaba9ab8}> (0x00000000eaba9ab8) 
thrown [./open/src/hotspot/share/runtime/sharedRuntime.cpp, line 585]
Event: 6239.424 Thread 0x0000014bf4838570 Exception <a 'java/lang/ArrayIndexOutOfBoundsException'{0x00000000eaba9dd8}> (0x00000000eaba9dd8) 
thrown [./open/src/hotspot/share/runtime/sharedRuntime.cpp, line 585]
Event: 6239.433 Thread 0x0000014bf4838570 Exception <a 'java/lang/ArrayIndexOutOfBoundsException'{0x00000000eac66dd8}: Index -1 out of bounds for length 3> (0x00000000eac66dd8) 
thrown [./open/src/hotspot/share/interpreter/interpreterRuntime.cpp, line 443]
Event: 6239.465 Thread 0x0000014beb171020 Exception <a 'java/lang/ArrayIndexOutOfBoundsException'{0x00000000eac60818}> (0x00000000eac60818) 
thrown [./open/src/hotspot/share/runtime/sharedRuntime.cpp, line 585]
Event: 6239.465 Thread 0x0000014beb171020 Exception <a 'java/lang/ArrayIndexOutOfBoundsException'{0x00000000eac60b38}> (0x00000000eac60b38) 
thrown [./open/src/hotspot/share/runtime/sharedRuntime.cpp, line 585]
Event: 6239.467 Thread 0x0000014be783c5c0 Exception <a 'java/lang/ArrayIndexOutOfBoundsException'{0x00000000eac78c00}> (0x00000000eac78c00) 
thrown [./open/src/hotspot/share/runtime/sharedRuntime.cpp, line 585]
Event: 6239.467 Thread 0x0000014be783c5c0 Exception <a 'java/lang/ArrayIndexOutOfBoundsException'{0x00000000eac79238}> (0x00000000eac79238) 
thrown [./open/src/hotspot/share/runtime/sharedRuntime.cpp, line 585]
Event: 6239.491 Thread 0x0000014bf4832ed0 Exception <a 'java/lang/ArrayIndexOutOfBoundsException'{0x00000000eab15e70}> (0x00000000eab15e70) 
thrown [./open/src/hotspot/share/runtime/sharedRuntime.cpp, line 585]
Event: 6239.491 Thread 0x0000014bf4832ed0 Exception <a 'java/lang/ArrayIndexOutOfBoundsException'{0x00000000eab16190}> (0x00000000eab16190) 
thrown [./open/src/hotspot/share/runtime/sharedRuntime.cpp, line 585]
Event: 6316.940 Thread 0x0000014beb16e000 Implicit null exception at 0x0000014bdb8915c0 to 0x0000014bdb891784
Event: 6483.139 Thread 0x0000014bf4833870 Exception <a 'java/lang/NoSuchMethodError'{0x00000000eab79498}: 'java.lang.Object java.lang.invoke.DirectMethodHandle$Holder.newInvokeSpecial(java.lang.Object, java.lang.Object, java.lang.Object, java.lang.Object, java.lang.Object, java.lang.Object, java.lang.Object, java.lang.Object, java.lang.Object, java.lang.Object)'> (0x00000000eab79498) 
thrown [./open/src/hotspot/share/interpreter/linkResolver.cpp, line 782]
Event: 6483.139 Thread 0x0000014bf4833870 Exception <a 'java/lang/NoSuchMethodError'{0x00000000eab7f5a0}: 'java.lang.Object java.lang.invoke.DirectMethodHandle$Holder.invokeSpecial(java.lang.Object, java.lang.Object, java.lang.Object, java.lang.Object, java.lang.Object, java.lang.Object, java.lang.Object, java.lang.Object, java.lang.Object, java.lang.Object, java.lang.Object)'> (0x00000000eab7f5a0) 
thrown [./open/src/hotspot/share/interpreter/linkResolver.cpp, line 782]
Event: 6483.140 Thread 0x0000014bf4833870 Exception <a 'java/lang/NoSuchMethodError'{0x00000000eab845d8}: 'java.lang.Object java.lang.invoke.Invokers$Holder.linkToTargetMethod(java.lang.Object, java.lang.Object, java.lang.Object, java.lang.Object, java.lang.Object, java.lang.Object, java.lang.Object, java.lang.Object, java.lang.Object, java.lang.Object)'> (0x00000000eab845d8) 
thrown [./open/src/hotspot/share/interpreter/linkResolver.cpp, line 782]
Event: 6483.200 Thread 0x0000014bf4833870 Exception <a 'sun/nio/fs/WindowsException'{0x00000000eabbeff8}> (0x00000000eabbeff8) 
thrown [./open/src/hotspot/share/prims/jni.cpp, line 578]
Event: 6483.232 Thread 0x0000014bf4837230 Exception <a 'java/lang/NoSuchMethodError'{0x00000000ead2fd10}: 'void java.lang.invoke.DirectMethodHandle$Holder.invokeInterface(java.lang.Object, java.lang.Object)'> (0x00000000ead2fd10) 
thrown [./open/src/hotspot/share/interpreter/linkResolver.cpp, line 782]
Event: 6483.257 Thread 0x0000014bf4837230 Exception <a 'java/io/FileNotFoundException'{0x00000000eada31a8}> (0x00000000eada31a8) 
thrown [./open/src/hotspot/share/prims/jni.cpp, line 578]

Events (20 events):
Event: 6483.222 Thread 0x0000014be70a9400 flushing nmethod 0x0000014bd5067110
Event: 6483.222 Thread 0x0000014be70a9400 flushing nmethod 0x0000014bd506ac10
Event: 6483.222 Thread 0x0000014be70a9400 flushing nmethod 0x0000014bd50c6b10
Event: 6483.222 Thread 0x0000014be70a9400 flushing nmethod 0x0000014bd50ca190
Event: 6483.223 Thread 0x0000014be70a9400 flushing nmethod 0x0000014bd5166b90
Event: 6483.223 Thread 0x0000014be70a9400 flushing nmethod 0x0000014bd520ab90
Event: 6483.225 Thread 0x0000014be70a9400 flushing nmethod 0x0000014bd5362710
Event: 6483.225 Thread 0x0000014be70a9400 flushing nmethod 0x0000014bd536ca90
Event: 6483.225 Thread 0x0000014be70a9400 flushing nmethod 0x0000014bd5385e90
Event: 6483.225 Thread 0x0000014be70a9400 flushing nmethod 0x0000014bd53f0990
Event: 6483.225 Thread 0x0000014be70a9400 flushing nmethod 0x0000014bd5438b10
Event: 6483.227 Thread 0x0000014be70a9400 flushing nmethod 0x0000014bd55c9090
Event: 6483.228 Thread 0x0000014be70a9400 flushing nmethod 0x0000014bd572db10
Event: 6483.228 Thread 0x0000014be70a9400 flushing nmethod 0x0000014bd5765390
Event: 6483.229 Thread 0x0000014be70a9400 flushing nmethod 0x0000014bd584d110
Event: 6483.229 Thread 0x0000014be70a9400 flushing nmethod 0x0000014bd58e2290
Event: 6483.256 loading class java/util/Hashtable$KeySet
Event: 6483.256 loading class java/util/Hashtable$KeySet done
Event: 6483.774 Thread 0x0000014be783fab0 Thread exited: 0x0000014be783fab0
Event: 6483.775 Thread 0x0000014bf4833d40 Thread added: 0x0000014bf4833d40


Dynamic libraries:
0x00007ff60f150000 - 0x00007ff60f15f000 	C:\Program Files\Java\jdk-15.0.1\Desktop\ICS4U1\bin\java.exe
0x00007ff8f21d0000 - 0x00007ff8f23c6000 	C:\WINDOWS\SYSTEM32\ntdll.dll
0x00007ff8f1b90000 - 0x00007ff8f1c4d000 	C:\WINDOWS\System32\KERNEL32.DLL
0x00007ff8efb70000 - 0x00007ff8efe39000 	C:\WINDOWS\System32\KERNELBASE.dll
0x00007ff8ef9c0000 - 0x00007ff8efac0000 	C:\WINDOWS\System32\ucrtbase.dll
0x00007ff8764b0000 - 0x00007ff8764c9000 	C:\Program Files\Java\jdk-15.0.1\Desktop\ICS4U1\bin\VCRUNTIME140.dll
0x00007ff876490000 - 0x00007ff8764a8000 	C:\Program Files\Java\jdk-15.0.1\Desktop\ICS4U1\bin\jli.dll
0x00007ff8f18d0000 - 0x00007ff8f197c000 	C:\WINDOWS\System32\ADVAPI32.dll
0x00007ff8f0f80000 - 0x00007ff8f101e000 	C:\WINDOWS\System32\msvcrt.dll
0x00007ff8f1ce0000 - 0x00007ff8f1d7c000 	C:\WINDOWS\System32\sechost.dll
0x00007ff8f06a0000 - 0x00007ff8f07cb000 	C:\WINDOWS\System32\RPCRT4.dll
0x00007ff8f1020000 - 0x00007ff8f11c0000 	C:\WINDOWS\System32\USER32.dll
0x00007ff8efef0000 - 0x00007ff8eff12000 	C:\WINDOWS\System32\win32u.dll
0x00007ff8eed20000 - 0x00007ff8eefbb000 	C:\WINDOWS\WinSxS\amd64_microsoft.windows.common-controls_6595b64144ccf1df_6.0.19041.746_none_ca02b4b61b8320a4\COMCTL32.dll
0x00007ff8f2010000 - 0x00007ff8f203a000 	C:\WINDOWS\System32\GDI32.dll
0x00007ff8f0120000 - 0x00007ff8f022b000 	C:\WINDOWS\System32\gdi32full.dll
0x00007ff8eff20000 - 0x00007ff8effbd000 	C:\WINDOWS\System32\msvcp_win.dll
0x00007ff8ec840000 - 0x00007ff8ec84a000 	C:\WINDOWS\SYSTEM32\VERSION.dll
0x00007ff8f2160000 - 0x00007ff8f2190000 	C:\WINDOWS\System32\IMM32.DLL
0x00007ff8787d0000 - 0x00007ff8787dc000 	C:\Program Files\Java\jdk-15.0.1\Desktop\ICS4U1\bin\vcruntime140_1.dll
0x00007ff8763f0000 - 0x00007ff876481000 	C:\Program Files\Java\jdk-15.0.1\Desktop\ICS4U1\bin\msvcp140.dll
0x00007ff874020000 - 0x00007ff874b7e000 	C:\Program Files\Java\jdk-15.0.1\Desktop\ICS4U1\bin\server\jvm.dll
0x00007ff8f1b20000 - 0x00007ff8f1b28000 	C:\WINDOWS\System32\PSAPI.DLL
0x00007ff8ccd20000 - 0x00007ff8ccd29000 	C:\WINDOWS\SYSTEM32\WSOCK32.dll
0x00007ff8d69a0000 - 0x00007ff8d69c7000 	C:\WINDOWS\SYSTEM32\WINMM.dll
0x00007ff8f1980000 - 0x00007ff8f19eb000 	C:\WINDOWS\System32\WS2_32.dll
0x00007ff8ed460000 - 0x00007ff8ed472000 	C:\WINDOWS\SYSTEM32\kernel.appcore.dll
0x00007ff8763e0000 - 0x00007ff8763ea000 	C:\Program Files\Java\jdk-15.0.1\Desktop\ICS4U1\bin\jimage.dll
0x00007ff8ef330000 - 0x00007ff8ef514000 	C:\WINDOWS\SYSTEM32\DBGHELP.DLL
0x00007ff8ef0e0000 - 0x00007ff8ef10c000 	C:\WINDOWS\SYSTEM32\dbgcore.DLL
0x00007ff8efaf0000 - 0x00007ff8efb70000 	C:\WINDOWS\System32\bcryptPrimitives.dll
0x00007ff8763b0000 - 0x00007ff8763d5000 	C:\Program Files\Java\jdk-15.0.1\Desktop\ICS4U1\bin\java.dll
0x00007ff8f0830000 - 0x00007ff8f0f73000 	C:\WINDOWS\System32\SHELL32.dll
0x00007ff8ec910000 - 0x00007ff8ed09f000 	C:\WINDOWS\SYSTEM32\windows.storage.dll
0x00007ff8f1420000 - 0x00007ff8f1776000 	C:\WINDOWS\System32\combase.dll
0x00007ff8eec80000 - 0x00007ff8eecac000 	C:\WINDOWS\SYSTEM32\Wldp.dll
0x00007ff8f11c0000 - 0x00007ff8f126e000 	C:\WINDOWS\System32\SHCORE.dll
0x00007ff8f1b30000 - 0x00007ff8f1b85000 	C:\WINDOWS\System32\shlwapi.dll
0x00007ff8ef840000 - 0x00007ff8ef866000 	C:\WINDOWS\SYSTEM32\profapi.dll
0x00007ff876390000 - 0x00007ff8763a9000 	C:\Program Files\Java\jdk-15.0.1\Desktop\ICS4U1\bin\net.dll
0x00007ff8ec2d0000 - 0x00007ff8ec3d0000 	C:\WINDOWS\SYSTEM32\WINHTTP.dll
0x00007ff8eea30000 - 0x00007ff8eea9a000 	C:\WINDOWS\system32\mswsock.dll
0x00007ff876370000 - 0x00007ff876382000 	C:\Program Files\Java\jdk-15.0.1\Desktop\ICS4U1\bin\nio.dll
0x00007ff876350000 - 0x00007ff876368000 	C:\Program Files\Java\jdk-15.0.1\Desktop\ICS4U1\bin\zip.dll
0x00007ff8ef690000 - 0x00007ff8ef6a8000 	C:\WINDOWS\SYSTEM32\CRYPTSP.dll
0x00007ff8ee3c0000 - 0x00007ff8ee3f4000 	C:\WINDOWS\system32\rsaenh.dll
0x00007ff8efac0000 - 0x00007ff8efae7000 	C:\WINDOWS\System32\bcrypt.dll
0x00007ff8ef800000 - 0x00007ff8ef82e000 	C:\WINDOWS\SYSTEM32\USERENV.dll
0x00007ff8eeac0000 - 0x00007ff8eeacc000 	C:\WINDOWS\SYSTEM32\CRYPTBASE.dll
0x00007ff8ee6f0000 - 0x00007ff8ee72b000 	C:\WINDOWS\SYSTEM32\IPHLPAPI.DLL
0x00007ff8f1800000 - 0x00007ff8f1808000 	C:\WINDOWS\System32\NSI.dll
0x00007ff8e1b30000 - 0x00007ff8e1b47000 	C:\WINDOWS\SYSTEM32\dhcpcsvc6.DLL
0x00007ff8e2320000 - 0x00007ff8e233d000 	C:\WINDOWS\SYSTEM32\dhcpcsvc.DLL
0x00007ff8ee730000 - 0x00007ff8ee7fb000 	C:\WINDOWS\SYSTEM32\DNSAPI.dll
0x00007ff8762c0000 - 0x00007ff8762ea000 	C:\Users\adsan\AppData\Roaming\Code\User\globalStorage\redhat.java\0.74.0\config_win\org.eclipse.equinox.launcher\org.eclipse.equinox.launcher.win32.win32.x86_64_1.2.0.v20200915-1442\eclipse_11100.dll
0x00007ff8762b0000 - 0x00007ff8762c0000 	C:\Program Files\Java\jdk-15.0.1\Desktop\ICS4U1\bin\verify.dll
0x00007ff8976f0000 - 0x00007ff897701000 	C:\Users\adsan\AppData\Roaming\Code\User\globalStorage\redhat.java\0.74.0\config_win\org.eclipse.osgi\23\0\.cp\jWinHttp-1.0.0.dll
0x00007ff8f19f0000 - 0x00007ff8f1b1a000 	C:\WINDOWS\System32\ole32.dll
0x00007ff8ef650000 - 0x00007ff8ef683000 	C:\WINDOWS\SYSTEM32\ntmarta.dll

dbghelp: loaded successfully - version: 4.0.5 - missing functions: none
symbol engine: initialized successfully - sym options: 0x614 - pdb path: .;C:\Program Files\Java\jdk-15.0.1\Desktop\ICS4U1\bin;C:\WINDOWS\SYSTEM32;C:\WINDOWS\WinSxS\amd64_microsoft.windows.common-controls_6595b64144ccf1df_6.0.19041.746_none_ca02b4b61b8320a4;C:\Program Files\Java\jdk-15.0.1\Desktop\ICS4U1\bin\server;C:\Users\adsan\AppData\Roaming\Code\User\globalStorage\redhat.java\0.74.0\config_win\org.eclipse.equinox.launcher\org.eclipse.equinox.launcher.win32.win32.x86_64_1.2.0.v20200915-1442;C:\Users\adsan\AppData\Roaming\Code\User\globalStorage\redhat.java\0.74.0\config_win\org.eclipse.osgi\23\0\.cp

VM Arguments:
jvm_args: --add-modules=ALL-SYSTEM --add-opens=java.base/java.util=ALL-UNNAMED --add-opens=java.base/java.lang=ALL-UNNAMED -Declipse.application=org.eclipse.jdt.ls.core.id1 -Dosgi.bundles.defaultStartLevel=4 -Declipse.product=org.eclipse.jdt.ls.core.product -Dfile.encoding=utf8 -DwatchParentProcess=false -XX:+UseParallelGC -XX:GCTimeRatio=4 -XX:AdaptiveSizePolicyWeight=90 -Dsun.zip.disableMemoryMapping=true -Xmx1G -Xms100m 
java_command: c:\Users\adsan\.vscode\extensions\redhat.java-0.74.0\server\plugins\org.eclipse.equinox.launcher_1.6.0.v20200915-1508.jar -configuration c:\Users\adsan\AppData\Roaming\Code\User\globalStorage\redhat.java\0.74.0\config_win -data c:\Users\adsan\AppData\Roaming\Code\User\workspaceStorage\10020002b6f15b189c1f381b03ba0356\redhat.java\jdt_ws
java_class_path (initial): c:\Users\adsan\.vscode\extensions\redhat.java-0.74.0\server\plugins\org.eclipse.equinox.launcher_1.6.0.v20200915-1508.jar
Launcher Type: SUN_STANDARD

[Global flags]
    uintx AdaptiveSizePolicyWeight                 = 90                                        {product} {command line}
     intx CICompilerCount                          = 4                                         {product} {ergonomic}
    uintx GCTimeRatio                              = 4                                         {product} {command line}
   size_t InitialHeapSize                          = 104857600                                 {product} {command line}
   size_t MaxHeapSize                              = 1073741824                                {product} {command line}
   size_t MaxNewSize                               = 357564416                                 {product} {ergonomic}
   size_t MinHeapDeltaBytes                        = 524288                                    {product} {ergonomic}
   size_t MinHeapSize                              = 104857600                                 {product} {command line}
   size_t NewSize                                  = 34603008                                  {product} {ergonomic}
    uintx NonNMethodCodeHeapSize                   = 5839372                                {pd product} {ergonomic}
    uintx NonProfiledCodeHeapSize                  = 122909434                              {pd product} {ergonomic}
   size_t OldSize                                  = 70254592                                  {product} {ergonomic}
    uintx ProfiledCodeHeapSize                     = 122909434                              {pd product} {ergonomic}
    uintx ReservedCodeCacheSize                    = 251658240                              {pd product} {ergonomic}
     bool SegmentedCodeCache                       = true                                      {product} {ergonomic}
   size_t SoftMaxHeapSize                          = 1073741824                             {manageable} {ergonomic}
     bool UseCompressedClassPointers               = true                                 {lp64_product} {ergonomic}
     bool UseCompressedOops                        = true                                 {lp64_product} {ergonomic}
     bool UseLargePagesIndividualAllocation        = false                                  {pd product} {ergonomic}
     bool UseParallelGC                            = true                                      {product} {command line}

Logging:
Log output configuration:
 #0: stdout all=warning uptime,level,tags
 #1: stderr all=off uptime,level,tags

Environment Variables:
PATH=C:\Program Files (x86)\Common Files\Oracle\Java\javapath;C:\Program Files\Common Files\Oracle\Java\javapath;C:\WINDOWS\system32;C:\WINDOWS;C:\WINDOWS\System32\Wbem;C:\WINDOWS\System32\WindowsPowerShell\v1.0\;C:\WINDOWS\System32\OpenSSH\;C:\Program Files\Git\cmd;C:\Users\adsan\AppData\Local\Microsoft\WindowsApps;;C:\Users\adsan\AppData\Local\Programs\Microsoft VS Code\bin
USERNAME=adsana
OS=Windows_NT
PROCESSOR_IDENTIFIER=Intel64 Family 6 Model 142 Stepping 12, GenuineIntel



---------------  S Y S T E M  ---------------

OS:
 Windows 10 , 64 bit Build 19041 (10.0.19041.662)
OS uptime: 0 days 1:49 hours

CPU: total 8 (initial active 8) (4 cores per cpu, 2 threads per core) family 6 model 142 stepping 12 microcode 0xd6, cmov, cx8, fxsr, mmx, sse, sse2, sse3, ssse3, sse4.1, sse4.2, popcnt, vzeroupper, avx, avx2, aes, clmul, erms, 3dnowpref, lzcnt, ht, tsc, tscinvbit, bmi1, bmi2, adx, fma, clflush, clflushopt

Memory: 4k page, system-wide physical 7991M (2825M free)
TotalPageFile size 16183M (AvailPageFile size 9702M)
current process WorkingSet (physical memory assigned to process): 315M, peak: 338M
current process commit charge ("private bytes"): 357M, peak: 376M

vm_info: Java HotSpot(TM) 64-Bit Server VM (15.0.1+9-18) for windows-amd64 JRE (15.0.1+9-18), built on Sep 15 2020 14:43:54 by "mach5one" with unknown MS VC++:1925

END.
